<?xml version="1.0" encoding="UTF-8"?>
<!-- Generated by org.testng.reporters.JUnitXMLReporter -->
<testsuite hostname="shardaborse-HP-Pavilion-g6-Notebook-PC" name="Test" tests="11" failures="2" timestamp="27 Nov 2016 12:37:57 GMT" time="0.171" errors="0">
  <testcase name="checkTest" time="0.013" classname="com.iiitb.MainClass"/>
  <testcase name="testCheck1" time="0.003" classname="com.iiitb.MainClass"/>
  <testcase name="testCheck10" time="0.002" classname="com.iiitb.MainClass">
    <failure type="org.junit.internal.ArrayComparisonFailure" message="arrays first differed at element [3]; expected:&amp;lt;34&amp;gt; but was:&amp;lt;344&amp;gt;">
      <![CDATA[arrays first differed at element [3]; expected:<34> but was:<344>
	at org.junit.internal.ComparisonCriteria.arrayEquals(ComparisonCriteria.java:55)
	at org.junit.Assert.internalArrayEquals(Assert.java:532)
	at org.junit.Assert.assertArrayEquals(Assert.java:416)
	at org.junit.Assert.assertArrayEquals(Assert.java:427)
	at com.iiitb.MainClass.testCheck10(MainClass.java:79)
Caused by: java.lang.AssertionError: expected:<34> but was:<344>
	at org.junit.Assert.fail(Assert.java:88)
	at org.junit.Assert.failNotEquals(Assert.java:834)
	at org.junit.Assert.assertEquals(Assert.java:118)
	at org.junit.Assert.assertEquals(Assert.java:144)
	at org.junit.internal.ExactComparisonCriteria.assertElementsEqual(ExactComparisonCriteria.java:8)
	at org.junit.internal.ComparisonCriteria.arrayEquals(ComparisonCriteria.java:53)
	... 29 more
... Removed 25 stack frames]]>
    </failure>
  </testcase> <!-- testCheck10 -->
  <testcase name="testCheck2" time="0.002" classname="com.iiitb.MainClass"/>
  <testcase name="testCheck3" time="0.001" classname="com.iiitb.MainClass"/>
  <testcase name="testCheck4" time="0.004" classname="com.iiitb.MainClass"/>
  <testcase name="testCheck5" time="0.001" classname="com.iiitb.MainClass"/>
  <testcase name="testCheck6" time="0.002" classname="com.iiitb.MainClass"/>
  <testcase name="testCheck7" time="0.003" classname="com.iiitb.MainClass"/>
  <testcase name="testCheck8" time="0.002" classname="com.iiitb.MainClass"/>
  <testcase name="testCheck9" time="0.001" classname="com.iiitb.MainClass">
    <failure type="org.junit.internal.ArrayComparisonFailure" message="arrays first differed at element [0]; expected:&amp;lt;10&amp;gt; but was:&amp;lt;11&amp;gt;">
      <![CDATA[arrays first differed at element [0]; expected:<10> but was:<11>
	at org.junit.internal.ComparisonCriteria.arrayEquals(ComparisonCriteria.java:55)
	at org.junit.Assert.internalArrayEquals(Assert.java:532)
	at org.junit.Assert.assertArrayEquals(Assert.java:416)
	at org.junit.Assert.assertArrayEquals(Assert.java:427)
	at com.iiitb.MainClass.testCheck9(MainClass.java:72)
Caused by: java.lang.AssertionError: expected:<10> but was:<11>
	at org.junit.Assert.fail(Assert.java:88)
	at org.junit.Assert.failNotEquals(Assert.java:834)
	at org.junit.Assert.assertEquals(Assert.java:118)
	at org.junit.Assert.assertEquals(Assert.java:144)
	at org.junit.internal.ExactComparisonCriteria.assertElementsEqual(ExactComparisonCriteria.java:8)
	at org.junit.internal.ComparisonCriteria.arrayEquals(ComparisonCriteria.java:53)
	... 29 more
... Removed 25 stack frames]]>
    </failure>
  </testcase> <!-- testCheck9 -->
</testsuite> <!-- Test -->
